<?xml version="1.0" encoding="UTF-8"?>
<testsuite xmlns:xsi="http://www.w3.org/2001/XMLSchema-instance" xsi:noNamespaceSchemaLocation="https://maven.apache.org/surefire/maven-surefire-plugin/xsd/surefire-test-report-3.0.xsd" version="3.0" name="examples.pets.PetsRunner" time="3.476" tests="2" errors="0" skipped="0" failures="0">
  <properties>
[...]
</properties>
  <testcase name="[1:6] Search a pet" classname="examples/pets/search_pet" time="1.881">
    <system-out><![CDATA[14:20:08.192 [main] DEBUG com.intuit.karate.Suite - [config] classpath:karate-config.js
14:20:08.986 [main] INFO  com.intuit.karate - karate.env system property was: null 
14:20:09.235 [main] DEBUG com.intuit.karate - request:
1 > POST https://petstore.swagger.io/v2/pet
1 > Content-Type: application/json; charset=UTF-8
1 > Content-Length: 138
1 > Host: petstore.swagger.io
1 > Connection: Keep-Alive
1 > User-Agent: Apache-HttpClient/4.5.14 (Java/23.0.2)
1 > Accept-Encoding: gzip,deflate
{"id":0,"category":{"id":0,"name":"string"},"name":"doggie","photoUrls":["string"],"tags":[{"id":0,"name":"string"}],"status":"available"}

14:20:09.780 [main] DEBUG com.intuit.karate - response time in milliseconds: 542
1 < 200
1 < Date: Sun, 09 Feb 2025 19:20:09 GMT
1 < Content-Type: application/json
1 < Transfer-Encoding: chunked
1 < Connection: keep-alive
1 < Access-Control-Allow-Origin: *
1 < Access-Control-Allow-Methods: GET, POST, DELETE, PUT
1 < Access-Control-Allow-Headers: Content-Type, api_key, Authorization
1 < Server: Jetty(9.2.9.v20150224)
{"id":9223372036854775807,"category":{"id":0,"name":"string"},"name":"doggie","photoUrls":["string"],"tags":[{"id":0,"name":"string"}],"status":"available"}

14:20:09.790 [main] INFO  com.intuit.karate - [print] pet id: 9223372036854775807 
14:20:09.799 [main] DEBUG com.intuit.karate - request:
2 > GET https://petstore.swagger.io/v2/pet/9223372036854775807
2 > Host: petstore.swagger.io
2 > Connection: Keep-Alive
2 > User-Agent: Apache-HttpClient/4.5.14 (Java/23.0.2)
2 > Accept-Encoding: gzip,deflate


14:20:10.083 [main] DEBUG com.intuit.karate - response time in milliseconds: 284
2 < 200
2 < Date: Sun, 09 Feb 2025 19:20:09 GMT
2 < Content-Type: application/json
2 < Transfer-Encoding: chunked
2 < Connection: keep-alive
2 < Access-Control-Allow-Origin: *
2 < Access-Control-Allow-Methods: GET, POST, DELETE, PUT
2 < Access-Control-Allow-Headers: Content-Type, api_key, Authorization
2 < Server: Jetty(9.2.9.v20150224)
{"id":9223372036854775807,"category":{"id":0,"name":"string"},"name":"doggie","photoUrls":["string"],"tags":[{"id":0,"name":"string"}],"status":"available"}

]]></system-out>
  </testcase>
  <testcase name="[2:43] Validate response structure" classname="examples/pets/search_pet" time="0.865">
    <system-out><![CDATA[14:20:10.104 [main] INFO  com.intuit.karate - karate.env system property was: null 
14:20:10.108 [main] DEBUG com.intuit.karate - request:
1 > POST https://petstore.swagger.io/v2/pet
1 > Content-Type: application/json; charset=UTF-8
1 > Content-Length: 138
1 > Host: petstore.swagger.io
1 > Connection: Keep-Alive
1 > User-Agent: Apache-HttpClient/4.5.14 (Java/23.0.2)
1 > Accept-Encoding: gzip,deflate
{"id":0,"category":{"id":0,"name":"string"},"name":"doggie","photoUrls":["string"],"tags":[{"id":0,"name":"string"}],"status":"available"}

14:20:10.391 [main] DEBUG com.intuit.karate - response time in milliseconds: 282
1 < 200
1 < Date: Sun, 09 Feb 2025 19:20:10 GMT
1 < Content-Type: application/json
1 < Transfer-Encoding: chunked
1 < Connection: keep-alive
1 < Access-Control-Allow-Origin: *
1 < Access-Control-Allow-Methods: GET, POST, DELETE, PUT
1 < Access-Control-Allow-Headers: Content-Type, api_key, Authorization
1 < Server: Jetty(9.2.9.v20150224)
{"id":9223372036854775807,"category":{"id":0,"name":"string"},"name":"doggie","photoUrls":["string"],"tags":[{"id":0,"name":"string"}],"status":"available"}

---------------------------------------------------------
feature: classpath:examples/pets/search_pet.feature
scenarios:  2 | passed:  2 | failed:  0 | time: 1.3643
---------------------------------------------------------

Karate version: 1.5.0
======================================================
elapsed:   2.76 | threads:    1 | thread time: 1.36 
features:     1 | skipped:    0 | efficiency: 0.49
scenarios:    2 | passed:     2 | failed: 0
======================================================

HTML report: (paste into browser to view) | Karate version: 1.5.0
file:///D:/Principal%20Chino/Desktop/Karate-Automation/karate-poc/target/karate-reports/karate-summary.html
===================================================================

]]></system-out>
  </testcase>
</testsuite>